ncsim 15.20-s039
Linux 3.10.0-1127.19.1.el7.x86_64 #1 SMP Tue Aug 25 17:23:54 UTC 2020 x86_64
CPU cores: 32
Limit information:
======================================
cputime			unlimited
filesize		unlimited
datasize		unlimited
stacksize		8192 kbytes
coredumpsize	0 kbytes
memoryuse		unlimited
vmemoryuse		unlimited
descriptors		4096
memorylocked	64 kbytes
maxproc			4096
======================================
(Special)Runtime environment variables:

Runtime environment variables:
REMOTEHOST=192.168.101.15
MANPATH=/usr/cad/synopsys/synthesis/cur/doc/syn/man
XDG_SESSION_ID=5360
HOSTNAME=diclab.ncku.edu.tw
SELINUX_ROLE_REQUESTED=
HOST=diclab.ncku.edu.tw
TERM=linux
SHELL=/bin/bash
HISTSIZE=1000
MAKEFLAGS=FSDB=2
SSH_CLIENT=192.168.101.15 8639 22
SELINUX_USE_CURRENT_RANGE=
MGC_LOCATION_MAP=NO_MAP
SSH_TTY=/dev/pts/7
GROUP=ic_contest
USER=ic_contest
MAKEOVERRIDES=${-*-command-variables-*-}
LD_LIBRARY_PATH=/usr/cad/synopsys/verdi/cur/share/PLI/IUS/LINUX/::/usr/cad/cadence/INNOVUS/cur//tools/tlfUtil/lib:/usr/cad/cadence/INCISIV/cur/tools/lib:/usr/cad/cadence/INCISIV/cur/tools/vtools/vfault/lib:/usr/openwin/lib:/usr/dt/lib:/usr/lib:/usr/local/lib
LS_COLORS=rs=0:di=01;34:ln=01;36:mh=00:pi=40;33:so=01;35:do=01;35:bd=40;33;01:cd=40;33;01:or=40;31;01:mi=01;05;37;41:su=37;41:sg=30;43:ca=30;41:tw=30;42:ow=34;42:st=37;44:ex=01;32:*.tar=01;31:*.tgz=01;31:*.arc=01;31:*.arj=01;31:*.taz=01;31:*.lha=01;31:*.lz4=01;31:*.lzh=01;31:*.lzma=01;31:*.tlz=01;31:*.txz=01;31:*.tzo=01;31:*.t7z=01;31:*.zip=01;31:*.z=01;31:*.Z=01;31:*.dz=01;31:*.gz=01;31:*.lrz=01;31:*.lz=01;31:*.lzo=01;31:*.xz=01;31:*.bz2=01;31:*.bz=01;31:*.tbz=01;31:*.tbz2=01;31:*.tz=01;31:*.deb=01;31:*.rpm=01;31:*.jar=01;31:*.war=01;31:*.ear=01;31:*.sar=01;31:*.rar=01;31:*.alz=01;31:*.ace=01;31:*.zoo=01;31:*.cpio=01;31:*.7z=01;31:*.rz=01;31:*.cab=01;31:*.jpg=01;35:*.jpeg=01;35:*.gif=01;35:*.bmp=01;35:*.pbm=01;35:*.pgm=01;35:*.ppm=01;35:*.tga=01;35:*.xbm=01;35:*.xpm=01;35:*.tif=01;35:*.tiff=01;35:*.png=01;35:*.svg=01;35:*.svgz=01;35:*.mng=01;35:*.pcx=01;35:*.mov=01;35:*.mpg=01;35:*.mpeg=01;35:*.m2v=01;35:*.mkv=01;35:*.webm=01;35:*.ogm=01;35:*.mp4=01;35:*.m4v=01;35:*.mp4v=01;35:*.vob=01;35:*.qt=01;35:*.nuv=01;35:*.wmv=01;35:*.asf=01;35:*.rm=01;35:*.rmvb=01;35:*.flc=01;35:*.avi=01;35:*.fli=01;35:*.flv=01;35:*.gl=01;35:*.dl=01;35:*.xcf=01;35:*.xwd=01;35:*.yuv=01;35:*.cgm=01;35:*.emf=01;35:*.axv=01;35:*.anx=01;35:*.ogv=01;35:*.ogx=01;35:*.aac=01;36:*.au=01;36:*.flac=01;36:*.mid=01;36:*.midi=01;36:*.mka=01;36:*.mp3=01;36:*.mpc=01;36:*.ogg=01;36:*.ra=01;36:*.wav=01;36:*.axa=01;36:*.oga=01;36:*.spx=01;36:*.xspf=01;36:
HOSTTYPE=x86_64-linux
ENCOUNTER=/usr/cad/cadence/INNOVUS/cur/tools/fe
FSDB=2
MAKELEVEL=1
MFLAGS=
MAIL=/var/spool/mail/ic_contest
PATH=/usr/cad/synopsys/verdi/cur/bin:/usr/cad/synopsys/verdi/cur/nLint/bin:/usr/bin/X11:/usr/cad/synopsys/primetime/cur/amd64/syn/bin:/usr/cad/synopsys/icc/cur/amd64/syn/bin:/usr/cad/synopsys/hercules/cur/bin/AMD.64:/usr/bin/X11:/usr/cad/synopsys/coreConsultant/cur/bin:/usr/cad/synopsys/synthesis/cur/amd64/syn/bin:/usr/cad/synopsys/lc/cur/bin:/usr/cad/mentor/modelsim/cur/bin:/usr/cad/cadence/JASPER/cur/bin:/usr/cad/cadence/JASPER/cur/bin:/usr/cad/cadence/JASPER/cur/bin:/usr/cad/cadence/JASPER/cur/bin:/usr/cad/cadence/JASPER/cur/bin:/usr/cad/cadence/INNOVUS/cur/tools/celtic/bin:/usr/cad/cadence/INNOVUS/cur/tools/plato/bin:/usr/cad/cadence/INNOVUS/cur/tools/dfII/bin:/usr/cad/cadence/INNOVUS/cur/tools/bin:/usr/cad/cadence/INNOVUS/cur//tools/tlfUtil/bin:/usr/cad/cadence/INCISIV/cur/tools/bin:/usr/cad/cadence/INCISIV/cur/tools/vtools/vfault/bin:/usr/cad/cadence/INCISIV/cur/tools/dfII/bin:/usr/local/bin:/usr/bin:/usr/local/sbin:/usr/sbin:/home/ic_contest/.local/bin:/home/ic_contest/bin
PWD=/home/ic_contest/E64062076/CPU/build
LANG=en_US.UTF-8
SYNTHESIS=/usr/cad/synopsys/synthesis/cur
OA_HOME=/usr/cad/cadence/INNOVUS/cur/oa
SELINUX_LEVEL_REQUESTED=
SYNOPSYS=/usr/cad/synopsys/icc/cur
PRIMETIME=/usr/cad/synopsys/primetime/cur
LM_LICENSE_FILE=26585@lstn:1717@lsncku:5280@lstn:
HISTCONTROL=ignoredups
SHLVL=3
HOME=/home/ic_contest
OSTYPE=linux
MGC_HOME=/usr/cad/mentor/modelsim/cur
MGC_TMPDIR=/tmp
VENDOR=unknown
LOGNAME=ic_contest
MACHTYPE=x86_64
SSH_CONNECTION=192.168.101.15 8639 140.116.245.79 22
XDG_DATA_DIRS=/home/ic_contest/.local/share/flatpak/exports/share:/var/lib/flatpak/exports/share:/usr/local/share:/usr/share
LESSOPEN=||/usr/bin/lesspipe.sh %s
SHLIB_PATH=/usr/cad/synopsys/verdi/cur/share/PLI/IUS/LINUX
DISPLAY=localhost:17.0
XDG_RUNTIME_DIR=/run/user/1005
SYN_MAN_DIR=/usr/cad/synopsys/synthesis/cur/doc/syn/man
_=/usr/cad/cadence/INCISIV/cur/tools/bin/irun
OLDPWD=/home/ic_contest/E64062076/CPU
_IRUNROOT_=/usr/cad/cadence/INCISIV/cur/tools
CDS_ARCH=lnx86
NCRUNMODE=irun:./INCA_libs/irun.lnx86.15.20.nc
IRUNBATCH=FALSE
IMPERAS_PORT_FILE=.vsp_ovp_gdb_port
TCL_LIBRARY=/usr/cad/cadence/INCISIV/cur/tools/inca/files/tcl/library
Runtime command line arguments:
argv[0]=irun
argv[1]=/home/ic_contest/E64062076/CPU/./sim/top_tb.sv
argv[2]=-sdf_file
argv[3]=/home/ic_contest/E64062076/CPU/./syn/top_syn.sdf
argv[4]=+incdir+/home/ic_contest/E64062076/CPU/./syn+/home/ic_contest/E64062076/CPU/./include+/home/ic_contest/E64062076/CPU/./sim
argv[5]=+define+SYN+prog0+FSDB_ALL
argv[6]=-define
argv[7]=CYCLE=10.0
argv[8]=-define
argv[9]=MAX=100000
argv[10]=+access+r
argv[11]=+prog_path=/home/ic_contest/E64062076/CPU/./sim/prog0
90 profile - 100
          CPU/Mem usage: 0.080 sys,  0.070 user,  75.19M sys,  0.00M vm
91 VC callback profile - scalar:0 vector:0
92 Fri Aug 26 16:34:56 2022
93 pliAppInit
94 FSDB_GATE is disabled.
95 Enable Parallel Dumping.
96 pliAppMiscSet: New Sim Round
97 pliEntryInit
98 LIBSSCORE=found /usr/cad/synopsys/verdi/cur/share/PLI/IUS/LINUX/libsscore_ius152.so through $LD_LIBRARY_PATH setting.
99 argv[0]: top.fsdb
100 argv[0]: +struct
101 argv[1]: +mda
102 argv[2]: (handle)0xb38e720 top_tb.TOP
103 FSDB Dumper for IUS, Release Verdi_Q-2020.03, Linux, 02/09/2020
104 (C) 1996 - 2020 by Synopsys, Inc.
105 sps_call_fsdbDumpfile at 0 : /home/ic_contest/E64062076/CPU/sim/top_tb.sv(89)
106 argv[0]: top.fsdb
107 *Verdi* FSDB WARNING: The FSDB file already exists. Overwriting the FSDB file may crash the programs that are using this file.
108 *Verdi* : Create FSDB file 'top.fsdb'
109 sps_call_fsdbDumpvars at 0 : /home/ic_contest/E64062076/CPU/sim/top_tb.sv(90)
110 argv[0]: +struct
111 argv[1]: +mda
112 argv[2]: (handle)0xb38e710 top_tb.TOP
113 *Verdi* : Begin traversing the scope (top_tb.TOP), layer (0).
114 *Verdi* : Enable +struct and +mda dumping.
115 Cell instance `top_tb.TOP.u_CPU.U35'.
116 *Verdi* : End of traversing.
117 fsdbDumpvars traverse var: profile - 
          CPU/Mem usage: 0.100 sys,  0.820 user,  179.90M sys,  0.00M vm
                   incr: 0.020 sys,  0.740 user,  25.82M sys,  0.00M vm
                   accu: 0.020 sys,  0.740 user,  25.82M sys,  0.00M vm
              accu incr: 0.020 sys,  0.740 user,  25.82M sys,  0.00M vm

          Count usage: 184180 var,  143284 idcode,  143292 callback
                 incr: 184180 var,  143284 idcode,  143292 callback
                 accu: 184180 var,  143284 idcode,  143292 callback
            accu incr: 184180 var,  143284 idcode,  143292 callback
118 VC callback profile - scalar:0 vector:0
119 Fri Aug 26 16:34:57 2022
120 fsdbDumpvars: profile - 
          CPU/Mem usage: 0.100 sys,  0.940 user,  188.42M sys,  0.00M vm
                   incr: 0.000 sys,  0.120 user,  8.52M sys,  0.00M vm
                   accu: 0.020 sys,  0.860 user,  34.34M sys,  0.00M vm
              accu incr: 0.000 sys,  0.120 user,  8.52M sys,  0.00M vm

          Count usage: 184180 var,  143284 idcode,  143292 callback
                 incr: 0 var,  0 idcode,  0 callback
                 accu: 184180 var,  143284 idcode,  143292 callback
            accu incr: 0 var,  0 idcode,  0 callback
121 VC callback profile - scalar:12126 vector:131158
122 Fri Aug 26 16:34:57 2022
123 End of simulation at 73025000
124 VC callback profile - scalar:20070397 vector:322719
125 Fri Aug 26 16:35:03 2022
126 Begin FSDB profile info:
127 FSDB Writer : bc1(20070387) bcn(322729) mtf/stf(0/1)
FSDB Writer elapsed time : flush(1.739060) io wait(0.000000) theadpool wait(0.000000)
FSDB Writer cpu time : MT Compression : 0
128 End FSDB profile info
129 Parallel profile    -  Flush:3 Expand:0 ProduceWait:0 ConsumerWait:90 BlockUsed:135
130                        ProduceTime:8.439769387 ConsumerTime:4.836863456 Buffer:64MB
131 SimExit
132 Sim process exit
